INFO     Running translator.
INFO     translator input: ['ipc2008/elevators-strips/p04-domain.pddl', 'ipc2008/elevators-strips/p04.pddl']
INFO     translator arguments: []
INFO     translator time limit: 1799.99s
INFO     translator memory limit: 3906 MB
INFO     callstring: /usr/bin/python /home/admin-u6487831/honors/fd/builds/release32/bin/translate/translate.py ipc2008/elevators-strips/p04-domain.pddl ipc2008/elevators-strips/p04.pddl
time limit 1799.99 -> (1800, 1800)
Parsing...
Parsing: [0.000s CPU, 0.002s wall-clock]
Normalizing task... [0.000s CPU, 0.000s wall-clock]
Instantiating...
Generating Datalog program... [0.000s CPU, 0.000s wall-clock]
Normalizing Datalog program...
Normalizing Datalog program: [0.000s CPU, 0.002s wall-clock]
Preparing model... [0.000s CPU, 0.001s wall-clock]
Generated 46 rules.
Computing model... [0.010s CPU, 0.013s wall-clock]
1044 relevant atoms
993 auxiliary atoms
2037 final queue length
3407 total queue pushes
Completing instantiation... [0.030s CPU, 0.024s wall-clock]
Instantiating: [0.040s CPU, 0.040s wall-clock]
Computing fact groups...
Finding invariants...
12 initial candidates
Finding invariants: [0.000s CPU, 0.002s wall-clock]
Checking invariant weight... [0.000s CPU, 0.000s wall-clock]
Instantiating groups... [0.000s CPU, 0.000s wall-clock]
Collecting mutex groups... [0.000s CPU, 0.000s wall-clock]
Choosing groups...
0 uncovered facts
Choosing groups: [0.000s CPU, 0.000s wall-clock]
Building translation key... [0.000s CPU, 0.000s wall-clock]
Computing fact groups: [0.000s CPU, 0.004s wall-clock]
Building STRIPS to SAS dictionary... [0.000s CPU, 0.000s wall-clock]
Building dictionary for full mutex groups... [0.000s CPU, 0.000s wall-clock]
Building mutex information...
Building mutex information: [0.000s CPU, 0.000s wall-clock]
Translating task...
Processing axioms...
Simplifying axioms... [0.000s CPU, 0.000s wall-clock]
Processing axioms: [0.000s CPU, 0.001s wall-clock]
Translating task: [0.020s CPU, 0.020s wall-clock]
0 effect conditions simplified
0 implied preconditions added
Detecting unreachable propositions...
0 operators removed
0 axioms removed
15 propositions removed
Detecting unreachable propositions: [0.010s CPU, 0.010s wall-clock]
Translator variables: 15
Translator derived variables: 0
Translator facts: 125
Translator goal facts: 7
Translator mutex groups: 15
Translator total mutex groups size: 125
Translator operators: 780
Translator axioms: 0
Translator task size: 4712
Translator peak memory: 34768 KB
Writing output... [0.010s CPU, 0.004s wall-clock]
Done! [0.080s CPU, 0.082s wall-clock]
INFO     Running preprocessor (release32).
INFO     preprocessor input: output.sas
INFO     preprocessor arguments: []
INFO     preprocessor time limit: 1799.9s
INFO     preprocessor memory limit: 3906 MB
INFO     callstring: /home/admin-u6487831/honors/fd/builds/release32/bin/preprocess < output.sas
time limit 1799.90 -> (1800, 1800)
Building causal graph...
The causal graph is not acyclic.
15 variables of 15 necessary
0 of 15 mutex groups necessary.
780 of 780 operators necessary.
0 of 0 axiom rules necessary.
Building domain transition graphs...
solveable in poly time 0
Building successor generator...
Preprocessor facts: 125
Preprocessor derived variables: 0
Preprocessor task size: 4587
Writing output...
done
INFO     Running search (release32).
INFO     search input: output
INFO     search arguments: ['--heuristic', 'hff=ff(cost_type=NORMAL)', '--heuristic', 'u=uc(x=-1,clauses=statemin,bound=110)', '--search', 'dfs(hff,refiner=ucrn2_1(uc=u),reopen=true,bound=110)']
INFO     search time limit: 1799.87s
INFO     search memory limit: 3906 MB
INFO     search executable: /home/admin-u6487831/honors/fd/builds/release32/bin/downward
INFO     callstring: /home/admin-u6487831/honors/fd/builds/release32/bin/downward --heuristic 'hff=ff(cost_type=NORMAL)' --heuristic 'u=uc(x=-1,clauses=statemin,bound=110)' --search 'dfs(hff,refiner=ucrn2_1(uc=u),reopen=true,bound=110)' --internal-plan-file sas_plan < output
time limit 1799.87 -> (1800, 1800)
reading input... [t=0s]
Simplifying transitions... done!
done reading input! [t=0s]
building causal graph...done! [t=0s]
packing state variables...Variables: 15
Bytes per state: 8
done! [t=0s]
done initalizing global data [t=0s]
... has axioms: 0
... has conditional effects: 0
pruning method: none
Initializing h^max(Pi^C) heuristic ...
Constructing Pi^C for h^max computation ...
Parsed Pi into 125 facts, 780 actions, and 1481 counters.
Initializing FF heuristic...
Initializing additive heuristic...
Simplifying 1480 unary operators... done! [1480 unary operators]
[g = 0, h = 95, registered=1, expanded=1, open_states=0, dead_ends=0, t=0.000]
[g = 6, h = 53, registered=20, expanded=2, open_states=18, dead_ends=0, t=0.000]
[g = 6, h = 53, registered=38, expanded=3, open_states=35, dead_ends=0, t=0.000]
[g = 25, h = 34, registered=57, expanded=4, open_states=53, dead_ends=0, t=0.000]
[g = 31, h = 33, registered=74, expanded=5, open_states=69, dead_ends=0, t=0.000]
[g = 31, h = 33, registered=90, expanded=6, open_states=84, dead_ends=0, t=0.000]
[g = 31, h = 33, registered=109, expanded=7, open_states=102, dead_ends=0, t=0.020]
[g = 37, h = 27, registered=142, expanded=9, open_states=133, dead_ends=0, t=0.020]
[g = 56, h = 27, registered=260, expanded=17, open_states=243, dead_ends=0, t=0.020]
[g = 62, h = 27, registered=514, expanded=36, open_states=493, dead_ends=0, t=0.040]
[g = 82, h = 27, registered=1035, expanded=76, open_states=998, dead_ends=0, t=0.060]
[g = 100, h = 21, registered=2050, expanded=210, open_states=2683, dead_ends=8, t=0.140]
[g = 103, h = 20, registered=4102, expanded=356, open_states=4199, dead_ends=521, t=0.280]
[g = 103, h = 20, registered=8200, expanded=644, open_states=6683, dead_ends=1998, t=0.680]
[g = 103, h = 20, registered=16395, expanded=1233, open_states=10718, dead_ends=5841, t=1.640]
[g = 103, h = 20, registered=32774, expanded=2665, open_states=7138, dead_ends=13187, t=3.680]
[g = 103, h = 20, registered=65538, expanded=4947, open_states=17350, dead_ends=34484, t=8.120]
Completely explored state space!
Actual search time: 21.9s [t=21.9s]
Pi^C: 125 facts, 20 conjunctions, 1784 (1481) counters, 1.20459 counter ratio
Number of Learned Clauses: 0
Number of uC Evaluations: 95547
Number of hC Computations: 95547
Number of hC recognized dead ends: 0
Number of clause extractions: 0
Time spent on clause matching: 0.00000s
Time spent on clause extraction: 0.00000s
Time spent on hC computations: 14.77307s
Number of uC Refinements: 10 (10)
Summed up size of RN components: 253 (253)
Total time spent on uC Refinement: 1.847122s (1.847127s)
Open states in open list: 5417 state(s).
Initial state h value: 95.
Expanded 9078 state(s).
Reopened 0 state(s).
Evaluated 121465 state(s).
Evaluations: 121465
Generated 190013 state(s).
Dead ends: 80349 state(s).
u-recognized dead ends: 41653 state(s).
Search restarts: 0
States per second: 5546.35
Registered: 121465 state(s).
Search time: 21.9s
Total time: 21.9s
Search stopped without finding a solution.
Peak memory: 23800 KB
