INFO     Running translator.
INFO     translator input: ['ipc2008/elevators-strips/p24-domain.pddl', 'ipc2008/elevators-strips/p24.pddl']
INFO     translator arguments: []
INFO     translator time limit: 1799.99s
INFO     translator memory limit: 3906 MB
INFO     callstring: /usr/bin/python /home/admin-u6487831/honors/fd/builds/release32/bin/translate/translate.py ipc2008/elevators-strips/p24-domain.pddl ipc2008/elevators-strips/p24.pddl
time limit 1799.99 -> (1800, 1800)
Parsing...
Parsing: [0.010s CPU, 0.005s wall-clock]
Normalizing task... [0.000s CPU, 0.000s wall-clock]
Instantiating...
Generating Datalog program... [0.000s CPU, 0.001s wall-clock]
Normalizing Datalog program...
Normalizing Datalog program: [0.000s CPU, 0.002s wall-clock]
Preparing model... [0.010s CPU, 0.003s wall-clock]
Generated 46 rules.
Computing model... [0.090s CPU, 0.094s wall-clock]
9612 relevant atoms
5472 auxiliary atoms
15084 final queue length
30843 total queue pushes
Completing instantiation... [0.300s CPU, 0.307s wall-clock]
Instantiating: [0.410s CPU, 0.409s wall-clock]
Computing fact groups...
Finding invariants...
12 initial candidates
Finding invariants: [0.010s CPU, 0.005s wall-clock]
Checking invariant weight... [0.000s CPU, 0.000s wall-clock]
Instantiating groups... [0.000s CPU, 0.003s wall-clock]
Collecting mutex groups... [0.000s CPU, 0.000s wall-clock]
Choosing groups...
0 uncovered facts
Choosing groups: [0.000s CPU, 0.001s wall-clock]
Building translation key... [0.000s CPU, 0.001s wall-clock]
Computing fact groups: [0.010s CPU, 0.013s wall-clock]
Building STRIPS to SAS dictionary... [0.000s CPU, 0.000s wall-clock]
Building dictionary for full mutex groups... [0.000s CPU, 0.000s wall-clock]
Building mutex information...
Building mutex information: [0.000s CPU, 0.000s wall-clock]
Translating task...
Processing axioms...
Simplifying axioms... [0.000s CPU, 0.000s wall-clock]
Processing axioms: [0.020s CPU, 0.014s wall-clock]
Translating task: [0.260s CPU, 0.261s wall-clock]
0 effect conditions simplified
0 implied preconditions added
Detecting unreachable propositions...
0 operators removed
0 axioms removed
31 propositions removed
Detecting unreachable propositions: [0.150s CPU, 0.141s wall-clock]
Translator variables: 31
Translator derived variables: 0
Translator facts: 700
Translator goal facts: 21
Translator mutex groups: 31
Translator total mutex groups size: 700
Translator operators: 8364
Translator axioms: 0
Translator task size: 50736
Translator peak memory: 86708 KB
Writing output... [0.050s CPU, 0.047s wall-clock]
Done! [0.900s CPU, 0.892s wall-clock]
INFO     Running preprocessor (release32).
INFO     preprocessor input: output.sas
INFO     preprocessor arguments: []
INFO     preprocessor time limit: 1799.09s
INFO     preprocessor memory limit: 3906 MB
INFO     callstring: /home/admin-u6487831/honors/fd/builds/release32/bin/preprocess < output.sas
time limit 1799.09 -> (1800, 1800)
Building causal graph...
The causal graph is not acyclic.
31 variables of 31 necessary
0 of 31 mutex groups necessary.
8364 of 8364 operators necessary.
0 of 0 axiom rules necessary.
Building domain transition graphs...
solveable in poly time 0
Building successor generator...
Preprocessor facts: 700
Preprocessor derived variables: 0
Preprocessor task size: 50036
Writing output...
done
INFO     Running search (release32).
INFO     search input: output
INFO     search arguments: ['--heuristic', 'hff=ff(cost_type=NORMAL)', '--heuristic', 'u=uc(x=-1,clauses=statemin,bound=617)', '--search', 'dfs(hff,refiner=uccp(uc=u),reopen=true,bound=617)']
INFO     search time limit: 1798.8s
INFO     search memory limit: 3906 MB
INFO     search executable: /home/admin-u6487831/honors/fd/builds/release32/bin/downward
INFO     callstring: /home/admin-u6487831/honors/fd/builds/release32/bin/downward --heuristic 'hff=ff(cost_type=NORMAL)' --heuristic 'u=uc(x=-1,clauses=statemin,bound=617)' --search 'dfs(hff,refiner=uccp(uc=u),reopen=true,bound=617)' --internal-plan-file sas_plan < output
time limit 1798.80 -> (1799, 1800)
reading input... [t=0s]
Simplifying transitions... done!
done reading input! [t=0.08s]
building causal graph...done! [t=0.08s]
packing state variables...Variables: 31
Bytes per state: 20
done! [t=0.08s]
done initalizing global data [t=0.08s]
... has axioms: 0
... has conditional effects: 0
pruning method: none
Initializing h^max(Pi^C) heuristic ...
Constructing Pi^C for h^max computation ...
Parsed Pi into 700 facts, 8364 actions, and 16429 counters.
Initializing FF heuristic...
Initializing additive heuristic...
Simplifying 16428 unary operators... done! [16428 unary operators]
Completely explored state space!
Actual search time: 0s [t=0.26s]
Pi^C: 700 facts, 0 conjunctions, 16429 (16429) counters, 1 counter ratio
Number of Learned Clauses: 0
Number of uC Evaluations: 2
Number of hC Computations: 2
Number of hC recognized dead ends: 0
Number of clause extractions: 0
Time spent on clause matching: 0.00000s
Time spent on clause extraction: 0.00000s
Time spent on hC computations: 0.00576s
Number of uC Refinements: 0 (0)
Summed up size of RN components: 0 (0)
Total time spent on uC Refinement: 0.000000s (0.000000s)
Open states in open list: 0 state(s).
Initial state h value: 129.
Expanded 0 state(s).
Reopened 0 state(s).
Evaluated 1 state(s).
Evaluations: 1
Generated 0 state(s).
Dead ends: 1 state(s).
u-recognized dead ends: 1 state(s).
Search restarts: 0
States per second: 3.84615
Registered: 1 state(s).
Search time: 0.18s
Total time: 0.26s
Search stopped without finding a solution.
Peak memory: 19616 KB
