INFO     Running translator.
INFO     translator input: ['ipc2008/elevators-strips/p30-domain.pddl', 'ipc2008/elevators-strips/p30.pddl']
INFO     translator arguments: []
INFO     translator time limit: 1799.99s
INFO     translator memory limit: 3906 MB
INFO     callstring: /usr/bin/python /home/admin-u6487831/honors/fd/builds/release32/bin/translate/translate.py ipc2008/elevators-strips/p30-domain.pddl ipc2008/elevators-strips/p30.pddl
time limit 1799.99 -> (1800, 1800)
Parsing...
Parsing: [0.000s CPU, 0.005s wall-clock]
Normalizing task... [0.000s CPU, 0.000s wall-clock]
Instantiating...
Generating Datalog program... [0.010s CPU, 0.001s wall-clock]
Normalizing Datalog program...
Normalizing Datalog program: [0.000s CPU, 0.002s wall-clock]
Preparing model... [0.000s CPU, 0.004s wall-clock]
Generated 46 rules.
Computing model... [0.160s CPU, 0.164s wall-clock]
17118 relevant atoms
7704 auxiliary atoms
24822 final queue length
53883 total queue pushes
Completing instantiation... [0.610s CPU, 0.621s wall-clock]
Instantiating: [0.790s CPU, 0.796s wall-clock]
Computing fact groups...
Finding invariants...
12 initial candidates
Finding invariants: [0.010s CPU, 0.007s wall-clock]
Checking invariant weight... [0.000s CPU, 0.000s wall-clock]
Instantiating groups... [0.010s CPU, 0.006s wall-clock]
Collecting mutex groups... [0.000s CPU, 0.001s wall-clock]
Choosing groups...
0 uncovered facts
Choosing groups: [0.000s CPU, 0.002s wall-clock]
Building translation key... [0.000s CPU, 0.001s wall-clock]
Computing fact groups: [0.020s CPU, 0.023s wall-clock]
Building STRIPS to SAS dictionary... [0.000s CPU, 0.001s wall-clock]
Building dictionary for full mutex groups... [0.000s CPU, 0.000s wall-clock]
Building mutex information...
Building mutex information: [0.010s CPU, 0.001s wall-clock]
Translating task...
Processing axioms...
Simplifying axioms... [0.000s CPU, 0.000s wall-clock]
Processing axioms: [0.020s CPU, 0.027s wall-clock]
Translating task: [0.540s CPU, 0.541s wall-clock]
0 effect conditions simplified
0 implied preconditions added
Detecting unreachable propositions...
0 operators removed
0 axioms removed
49 propositions removed
Detecting unreachable propositions: [0.270s CPU, 0.270s wall-clock]
Translator variables: 49
Translator derived variables: 0
Translator facts: 1240
Translator goal facts: 39
Translator mutex groups: 49
Translator total mutex groups size: 1240
Translator operators: 15276
Translator axioms: 0
Translator task size: 93324
Translator peak memory: 133980 KB
Writing output... [0.080s CPU, 0.080s wall-clock]
Done! [1.740s CPU, 1.745s wall-clock]
INFO     Running preprocessor (release32).
INFO     preprocessor input: output.sas
INFO     preprocessor arguments: []
INFO     preprocessor time limit: 1798.23s
INFO     preprocessor memory limit: 3906 MB
INFO     callstring: /home/admin-u6487831/honors/fd/builds/release32/bin/preprocess < output.sas
time limit 1798.23 -> (1799, 1800)
Building causal graph...
The causal graph is not acyclic.
49 variables of 49 necessary
0 of 49 mutex groups necessary.
15276 of 15276 operators necessary.
0 of 0 axiom rules necessary.
Building domain transition graphs...
solveable in poly time 0
Building successor generator...
Preprocessor facts: 1240
Preprocessor derived variables: 0
Preprocessor task size: 92084
Writing output...
done
INFO     Running search (release32).
INFO     search input: output
INFO     search arguments: ['--heuristic', 'hff=ff(cost_type=NORMAL)', '--heuristic', 'u=uc(x=-1,clauses=statemin,bound=1253)', '--search', 'dfs(hff,refiner=ucrn2_1(uc=u),reopen=true,bound=1253)']
INFO     search time limit: 1797.68s
INFO     search memory limit: 3906 MB
INFO     search executable: /home/admin-u6487831/honors/fd/builds/release32/bin/downward
INFO     callstring: /home/admin-u6487831/honors/fd/builds/release32/bin/downward --heuristic 'hff=ff(cost_type=NORMAL)' --heuristic 'u=uc(x=-1,clauses=statemin,bound=1253)' --search 'dfs(hff,refiner=ucrn2_1(uc=u),reopen=true,bound=1253)' --internal-plan-file sas_plan < output
time limit 1797.68 -> (1798, 1799)
reading input... [t=0s]
Simplifying transitions... done!
done reading input! [t=0.14s]
building causal graph...done! [t=0.14s]
packing state variables...Variables: 49
Bytes per state: 32
done! [t=0.14s]
done initalizing global data [t=0.14s]
... has axioms: 0
... has conditional effects: 0
pruning method: none
Initializing h^max(Pi^C) heuristic ...
Constructing Pi^C for h^max computation ...
Parsed Pi into 1240 facts, 15276 actions, and 30253 counters.
Initializing FF heuristic...
Initializing additive heuristic...
Simplifying 30252 unary operators... done! [30252 unary operators]
Completely explored state space!
Actual search time: 0s [t=0.7s]
Pi^C: 1240 facts, 0 conjunctions, 30253 (30253) counters, 1 counter ratio
Number of Learned Clauses: 0
Number of uC Evaluations: 2
Number of hC Computations: 2
Number of hC recognized dead ends: 0
Number of clause extractions: 0
Time spent on clause matching: 0.00000s
Time spent on clause extraction: 0.00000s
Time spent on hC computations: 0.00982s
Number of uC Refinements: 0 (0)
Summed up size of RN components: 0 (0)
Total time spent on uC Refinement: 0.000000s (0.000000s)
Open states in open list: 0 state(s).
Initial state h value: 172.
Expanded 0 state(s).
Reopened 0 state(s).
Evaluated 1 state(s).
Evaluations: 1
Generated 0 state(s).
Dead ends: 1 state(s).
u-recognized dead ends: 1 state(s).
Search restarts: 0
States per second: 1.42857
Registered: 1 state(s).
Search time: 0.56s
Total time: 0.7s
Search stopped without finding a solution.
Peak memory: 29628 KB
