INFO     Running translator.
INFO     translator input: ['ipc2008/elevators-strips/p04-domain.pddl', 'ipc2008/elevators-strips/p04.pddl']
INFO     translator arguments: []
INFO     translator time limit: 1799.99s
INFO     translator memory limit: 3906 MB
INFO     callstring: /usr/bin/python /home/admin-u6487831/honors/fd/builds/release32/bin/translate/translate.py ipc2008/elevators-strips/p04-domain.pddl ipc2008/elevators-strips/p04.pddl
time limit 1799.99 -> (1800, 1800)
Parsing...
Parsing: [0.000s CPU, 0.003s wall-clock]
Normalizing task... [0.000s CPU, 0.000s wall-clock]
Instantiating...
Generating Datalog program... [0.000s CPU, 0.000s wall-clock]
Normalizing Datalog program...
Normalizing Datalog program: [0.000s CPU, 0.002s wall-clock]
Preparing model... [0.010s CPU, 0.001s wall-clock]
Generated 46 rules.
Computing model... [0.010s CPU, 0.013s wall-clock]
1044 relevant atoms
993 auxiliary atoms
2037 final queue length
3407 total queue pushes
Completing instantiation... [0.020s CPU, 0.024s wall-clock]
Instantiating: [0.040s CPU, 0.040s wall-clock]
Computing fact groups...
Finding invariants...
12 initial candidates
Finding invariants: [0.000s CPU, 0.002s wall-clock]
Checking invariant weight... [0.000s CPU, 0.000s wall-clock]
Instantiating groups... [0.010s CPU, 0.000s wall-clock]
Collecting mutex groups... [0.000s CPU, 0.000s wall-clock]
Choosing groups...
0 uncovered facts
Choosing groups: [0.000s CPU, 0.000s wall-clock]
Building translation key... [0.000s CPU, 0.000s wall-clock]
Computing fact groups: [0.010s CPU, 0.004s wall-clock]
Building STRIPS to SAS dictionary... [0.000s CPU, 0.000s wall-clock]
Building dictionary for full mutex groups... [0.000s CPU, 0.000s wall-clock]
Building mutex information...
Building mutex information: [0.000s CPU, 0.000s wall-clock]
Translating task...
Processing axioms...
Simplifying axioms... [0.000s CPU, 0.000s wall-clock]
Processing axioms: [0.000s CPU, 0.001s wall-clock]
Translating task: [0.020s CPU, 0.021s wall-clock]
0 effect conditions simplified
0 implied preconditions added
Detecting unreachable propositions...
0 operators removed
0 axioms removed
15 propositions removed
Detecting unreachable propositions: [0.000s CPU, 0.010s wall-clock]
Translator variables: 15
Translator derived variables: 0
Translator facts: 125
Translator goal facts: 7
Translator mutex groups: 15
Translator total mutex groups size: 125
Translator operators: 780
Translator axioms: 0
Translator task size: 4712
Translator peak memory: 34768 KB
Writing output... [0.000s CPU, 0.004s wall-clock]
Done! [0.080s CPU, 0.082s wall-clock]
INFO     Running preprocessor (release32).
INFO     preprocessor input: output.sas
INFO     preprocessor arguments: []
INFO     preprocessor time limit: 1799.9s
INFO     preprocessor memory limit: 3906 MB
INFO     callstring: /home/admin-u6487831/honors/fd/builds/release32/bin/preprocess < output.sas
time limit 1799.90 -> (1800, 1800)
Building causal graph...
The causal graph is not acyclic.
15 variables of 15 necessary
0 of 15 mutex groups necessary.
780 of 780 operators necessary.
0 of 0 axiom rules necessary.
Building domain transition graphs...
solveable in poly time 0
Building successor generator...
Preprocessor facts: 125
Preprocessor derived variables: 0
Preprocessor task size: 4587
Writing output...
done
INFO     Running search (release32).
INFO     search input: output
INFO     search arguments: ['--heuristic', 'hff=ff(cost_type=NORMAL)', '--heuristic', 'u=uc(x=-1,clauses=statemin,bound=110)', '--search', 'dfs(hff,refiner=uccp(uc=u),reopen=true,bound=110)']
INFO     search time limit: 1799.88s
INFO     search memory limit: 3906 MB
INFO     search executable: /home/admin-u6487831/honors/fd/builds/release32/bin/downward
INFO     callstring: /home/admin-u6487831/honors/fd/builds/release32/bin/downward --heuristic 'hff=ff(cost_type=NORMAL)' --heuristic 'u=uc(x=-1,clauses=statemin,bound=110)' --search 'dfs(hff,refiner=uccp(uc=u),reopen=true,bound=110)' --internal-plan-file sas_plan < output
time limit 1799.88 -> (1800, 1800)
reading input... [t=0s]
Simplifying transitions... done!
done reading input! [t=0s]
building causal graph...done! [t=0s]
packing state variables...Variables: 15
Bytes per state: 8
done! [t=0s]
done initalizing global data [t=0s]
... has axioms: 0
... has conditional effects: 0
pruning method: none
Initializing h^max(Pi^C) heuristic ...
Constructing Pi^C for h^max computation ...
Parsed Pi into 125 facts, 780 actions, and 1481 counters.
Initializing FF heuristic...
Initializing additive heuristic...
Simplifying 1480 unary operators... done! [1480 unary operators]
Traceback (most recent call last):
  File "./fast-downward.py", line 6, in <module>
    main()
  File "/home/admin-u6487831/honors/fd/driver/main.py", line 38, in main
    exitcode = run_components.run_search(args)
  File "/home/admin-u6487831/honors/fd/driver/run_components.py", line 149, in run_search
    time_limit=time_limit, memory_limit=memory_limit)
  File "/home/admin-u6487831/honors/fd/driver/run_components.py", line 83, in call_component
    stdin=stdin, time_limit=time_limit, memory_limit=memory_limit)
  File "/home/admin-u6487831/honors/fd/driver/call.py", line 28, in check_call
    return subprocess.check_call(cmd, stdin=stdin_file, **kwargs)
  File "/usr/lib/python2.7/subprocess.py", line 536, in check_call
    retcode = call(*popenargs, **kwargs)
  File "/usr/lib/python2.7/subprocess.py", line 523, in call
    return Popen(*popenargs, **kwargs).wait()
  File "/usr/lib/python2.7/subprocess.py", line 1392, in wait
    pid, sts = _eintr_retry_call(os.waitpid, self.pid, 0)
  File "/usr/lib/python2.7/subprocess.py", line 476, in _eintr_retry_call
    return func(*args)
KeyboardInterrupt
