INFO     Running translator.
INFO     translator input: ['ipc2008/elevators-strips/p18-domain.pddl', 'ipc2008/elevators-strips/p18.pddl']
INFO     translator arguments: []
INFO     translator time limit: 1799.99s
INFO     translator memory limit: 3906 MB
INFO     callstring: /usr/bin/python /home/admin-u6487831/honors/fd/builds/release32/bin/translate/translate.py ipc2008/elevators-strips/p18-domain.pddl ipc2008/elevators-strips/p18.pddl
time limit 1799.99 -> (1800, 1800)
Parsing...
Parsing: [0.010s CPU, 0.004s wall-clock]
Normalizing task... [0.000s CPU, 0.000s wall-clock]
Instantiating...
Generating Datalog program... [0.000s CPU, 0.001s wall-clock]
Normalizing Datalog program...
Normalizing Datalog program: [0.000s CPU, 0.002s wall-clock]
Preparing model... [0.000s CPU, 0.002s wall-clock]
Generated 46 rules.
Computing model... [0.060s CPU, 0.052s wall-clock]
5156 relevant atoms
3200 auxiliary atoms
8356 final queue length
16334 total queue pushes
Completing instantiation... [0.150s CPU, 0.153s wall-clock]
Instantiating: [0.210s CPU, 0.210s wall-clock]
Computing fact groups...
Finding invariants...
12 initial candidates
Finding invariants: [0.000s CPU, 0.004s wall-clock]
Checking invariant weight... [0.000s CPU, 0.000s wall-clock]
Instantiating groups... [0.010s CPU, 0.002s wall-clock]
Collecting mutex groups... [0.000s CPU, 0.000s wall-clock]
Choosing groups...
0 uncovered facts
Choosing groups: [0.000s CPU, 0.001s wall-clock]
Building translation key... [0.000s CPU, 0.001s wall-clock]
Computing fact groups: [0.010s CPU, 0.010s wall-clock]
Building STRIPS to SAS dictionary... [0.000s CPU, 0.000s wall-clock]
Building dictionary for full mutex groups... [0.000s CPU, 0.000s wall-clock]
Building mutex information...
Building mutex information: [0.000s CPU, 0.000s wall-clock]
Translating task...
Processing axioms...
Simplifying axioms... [0.000s CPU, 0.000s wall-clock]
Processing axioms: [0.000s CPU, 0.007s wall-clock]
Translating task: [0.120s CPU, 0.120s wall-clock]
0 effect conditions simplified
0 implied preconditions added
Detecting unreachable propositions...
0 operators removed
0 axioms removed
30 propositions removed
Detecting unreachable propositions: [0.050s CPU, 0.052s wall-clock]
Translator variables: 30
Translator derived variables: 0
Translator facts: 508
Translator goal facts: 22
Translator mutex groups: 30
Translator total mutex groups size: 508
Translator operators: 4320
Translator axioms: 0
Translator task size: 26436
Translator peak memory: 59392 KB
Writing output... [0.020s CPU, 0.024s wall-clock]
Done! [0.430s CPU, 0.427s wall-clock]
INFO     Running preprocessor (release32).
INFO     preprocessor input: output.sas
INFO     preprocessor arguments: []
INFO     preprocessor time limit: 1799.56s
INFO     preprocessor memory limit: 3906 MB
INFO     callstring: /home/admin-u6487831/honors/fd/builds/release32/bin/preprocess < output.sas
time limit 1799.56 -> (1800, 1800)
Building causal graph...
The causal graph is not acyclic.
30 variables of 30 necessary
0 of 30 mutex groups necessary.
4320 of 4320 operators necessary.
0 of 0 axiom rules necessary.
Building domain transition graphs...
solveable in poly time 0
Building successor generator...
Preprocessor facts: 508
Preprocessor derived variables: 0
Preprocessor task size: 25928
Writing output...
done
INFO     Running search (release32).
INFO     search input: output
INFO     search arguments: ['--heuristic', 'hff=ff(cost_type=NORMAL)', '--heuristic', 'u=uc(x=-1,clauses=statemin,bound=440)', '--search', 'dfs(hff,refiner=uccp(uc=u),reopen=true,bound=440)']
INFO     search time limit: 1799.4s
INFO     search memory limit: 3906 MB
INFO     search executable: /home/admin-u6487831/honors/fd/builds/release32/bin/downward
INFO     callstring: /home/admin-u6487831/honors/fd/builds/release32/bin/downward --heuristic 'hff=ff(cost_type=NORMAL)' --heuristic 'u=uc(x=-1,clauses=statemin,bound=440)' --search 'dfs(hff,refiner=uccp(uc=u),reopen=true,bound=440)' --internal-plan-file sas_plan < output
time limit 1799.40 -> (1800, 1800)
reading input... [t=0s]
Simplifying transitions... done!
done reading input! [t=0.04s]
building causal graph...done! [t=0.04s]
packing state variables...Variables: 30
Bytes per state: 20
done! [t=0.04s]
done initalizing global data [t=0.04s]
... has axioms: 0
... has conditional effects: 0
pruning method: none
Initializing h^max(Pi^C) heuristic ...
Constructing Pi^C for h^max computation ...
Parsed Pi into 508 facts, 4320 actions, and 8457 counters.
Initializing FF heuristic...
Initializing additive heuristic...
Simplifying 8456 unary operators... done! [8456 unary operators]
Command '['/home/admin-u6487831/honors/fd/builds/release32/bin/downward', '--heuristic', 'hff=ff(cost_type=NORMAL)', '--heuristic', 'u=uc(x=-1,clauses=statemin,bound=440)', '--search', 'dfs(hff,refiner=uccp(uc=u),reopen=true,bound=440)', '--internal-plan-file', 'sas_plan']' returned non-zero exit status -9
