INFO     Running translator.
INFO     translator input: ['ipc2008/elevators-strips/p03-domain.pddl', 'ipc2008/elevators-strips/p03.pddl']
INFO     translator arguments: []
INFO     translator time limit: 1800.0s
INFO     translator memory limit: 3906 MB
INFO     callstring: /usr/bin/python /home/admin-u6487831/honors/fd/builds/release32/bin/translate/translate.py ipc2008/elevators-strips/p03-domain.pddl ipc2008/elevators-strips/p03.pddl
time limit 1800.00 -> (1800, 1800)
Parsing...
Parsing: [0.010s CPU, 0.002s wall-clock]
Normalizing task... [0.000s CPU, 0.000s wall-clock]
Instantiating...
Generating Datalog program... [0.000s CPU, 0.000s wall-clock]
Normalizing Datalog program...
Normalizing Datalog program: [0.000s CPU, 0.002s wall-clock]
Preparing model... [0.000s CPU, 0.001s wall-clock]
Generated 46 rules.
Computing model... [0.010s CPU, 0.012s wall-clock]
928 relevant atoms
936 auxiliary atoms
1864 final queue length
3046 total queue pushes
Completing instantiation... [0.020s CPU, 0.021s wall-clock]
Instantiating: [0.030s CPU, 0.037s wall-clock]
Computing fact groups...
Finding invariants...
12 initial candidates
Finding invariants: [0.000s CPU, 0.002s wall-clock]
Checking invariant weight... [0.000s CPU, 0.000s wall-clock]
Instantiating groups... [0.010s CPU, 0.000s wall-clock]
Collecting mutex groups... [0.000s CPU, 0.000s wall-clock]
Choosing groups...
0 uncovered facts
Choosing groups: [0.000s CPU, 0.000s wall-clock]
Building translation key... [0.000s CPU, 0.000s wall-clock]
Computing fact groups: [0.010s CPU, 0.004s wall-clock]
Building STRIPS to SAS dictionary... [0.000s CPU, 0.000s wall-clock]
Building dictionary for full mutex groups... [0.000s CPU, 0.000s wall-clock]
Building mutex information...
Building mutex information: [0.000s CPU, 0.000s wall-clock]
Translating task...
Processing axioms...
Simplifying axioms... [0.000s CPU, 0.000s wall-clock]
Processing axioms: [0.000s CPU, 0.001s wall-clock]
Translating task: [0.010s CPU, 0.018s wall-clock]
0 effect conditions simplified
0 implied preconditions added
Detecting unreachable propositions...
0 operators removed
0 axioms removed
14 propositions removed
Detecting unreachable propositions: [0.010s CPU, 0.008s wall-clock]
Translator variables: 14
Translator derived variables: 0
Translator facts: 112
Translator goal facts: 6
Translator mutex groups: 14
Translator total mutex groups size: 112
Translator operators: 680
Translator axioms: 0
Translator task size: 4084
Translator peak memory: 34128 KB
Writing output... [0.000s CPU, 0.004s wall-clock]
Done! [0.080s CPU, 0.074s wall-clock]
INFO     Running preprocessor (release32).
INFO     preprocessor input: output.sas
INFO     preprocessor arguments: []
INFO     preprocessor time limit: 1799.92s
INFO     preprocessor memory limit: 3906 MB
INFO     callstring: /home/admin-u6487831/honors/fd/builds/release32/bin/preprocess < output.sas
time limit 1799.92 -> (1800, 1800)
Building causal graph...
The causal graph is not acyclic.
14 variables of 14 necessary
0 of 14 mutex groups necessary.
680 of 680 operators necessary.
0 of 0 axiom rules necessary.
Building domain transition graphs...
solveable in poly time 0
Building successor generator...
Preprocessor facts: 112
Preprocessor derived variables: 0
Preprocessor task size: 3972
Writing output...
done
INFO     Running search (release32).
INFO     search input: output
INFO     search arguments: ['--heuristic', 'hff=ff(cost_type=NORMAL)', '--heuristic', 'u=uc(x=-1,clauses=statemin,bound=71)', '--search', 'dfs(hff,refiner=uccp(uc=u),reopen=true,bound=71)']
INFO     search time limit: 1799.9s
INFO     search memory limit: 3906 MB
INFO     search executable: /home/admin-u6487831/honors/fd/builds/release32/bin/downward
INFO     callstring: /home/admin-u6487831/honors/fd/builds/release32/bin/downward --heuristic 'hff=ff(cost_type=NORMAL)' --heuristic 'u=uc(x=-1,clauses=statemin,bound=71)' --search 'dfs(hff,refiner=uccp(uc=u),reopen=true,bound=71)' --internal-plan-file sas_plan < output
time limit 1799.90 -> (1800, 1800)
reading input... [t=0s]
Simplifying transitions... done!
done reading input! [t=0s]
building causal graph...done! [t=0s]
packing state variables...Variables: 14
Bytes per state: 8
done! [t=0s]
done initalizing global data [t=0s]
... has axioms: 0
... has conditional effects: 0
pruning method: none
Initializing h^max(Pi^C) heuristic ...
Constructing Pi^C for h^max computation ...
Parsed Pi into 112 facts, 680 actions, and 1281 counters.
Initializing FF heuristic...
Initializing additive heuristic...
Simplifying 1280 unary operators... done! [1280 unary operators]
[g = 0, h = 44, registered=1, expanded=1, open_states=0, dead_ends=0, t=0.000]
[g = 6, h = 39, registered=21, expanded=2, open_states=19, dead_ends=0, t=0.000]
[g = 6, h = 39, registered=38, expanded=3, open_states=35, dead_ends=0, t=0.000]
[g = 6, h = 39, registered=57, expanded=4, open_states=53, dead_ends=0, t=0.000]
[g = 14, h = 38, registered=74, expanded=5, open_states=69, dead_ends=0, t=0.000]
[g = 21, h = 31, registered=89, expanded=6, open_states=81, dead_ends=2, t=0.000]
[g = 21, h = 31, registered=104, expanded=7, open_states=94, dead_ends=3, t=0.000]
[g = 40, h = 29, registered=140, expanded=9, open_states=127, dead_ends=4, t=0.020]
[g = 40, h = 29, registered=264, expanded=16, open_states=243, dead_ends=5, t=0.020]
[g = 59, h = 29, registered=526, expanded=32, open_states=478, dead_ends=16, t=0.040]
[g = 59, h = 29, registered=1039, expanded=67, open_states=868, dead_ends=120, t=0.080]
[g = 60, h = 22, registered=2054, expanded=139, open_states=1495, dead_ends=454, t=0.200]
[g = 63, h = 22, registered=4105, expanded=279, open_states=693, dead_ends=1363, t=0.380]
Peak memory: 5544 KB
caught signal 2 -- exiting
Traceback (most recent call last):
  File "./fast-downward.py", line 6, in <module>
    main()
  File "/home/admin-u6487831/honors/fd/driver/main.py", line 38, in main
    exitcode = run_components.run_search(args)
  File "/home/admin-u6487831/honors/fd/driver/run_components.py", line 149, in run_search
    time_limit=time_limit, memory_limit=memory_limit)
  File "/home/admin-u6487831/honors/fd/driver/run_components.py", line 83, in call_component
    stdin=stdin, time_limit=time_limit, memory_limit=memory_limit)
  File "/home/admin-u6487831/honors/fd/driver/call.py", line 28, in check_call
    return subprocess.check_call(cmd, stdin=stdin_file, **kwargs)
  File "/usr/lib/python2.7/subprocess.py", line 536, in check_call
    retcode = call(*popenargs, **kwargs)
  File "/usr/lib/python2.7/subprocess.py", line 523, in call
    return Popen(*popenargs, **kwargs).wait()
  File "/usr/lib/python2.7/subprocess.py", line 1392, in wait
    pid, sts = _eintr_retry_call(os.waitpid, self.pid, 0)
  File "/usr/lib/python2.7/subprocess.py", line 476, in _eintr_retry_call
    return func(*args)
KeyboardInterrupt
