INFO     Running translator.
INFO     translator input: ['ipc2008/elevators-strips/p09-domain.pddl', 'ipc2008/elevators-strips/p09.pddl']
INFO     translator arguments: []
INFO     translator time limit: 1800.0s
INFO     translator memory limit: 3906 MB
INFO     callstring: /usr/bin/python /home/admin-u6487831/honors/fd/builds/release32/bin/translate/translate.py ipc2008/elevators-strips/p09-domain.pddl ipc2008/elevators-strips/p09.pddl
time limit 1800.00 -> (1800, 1800)
Parsing...
Parsing: [0.000s CPU, 0.003s wall-clock]
Normalizing task... [0.000s CPU, 0.000s wall-clock]
Instantiating...
Generating Datalog program... [0.000s CPU, 0.000s wall-clock]
Normalizing Datalog program...
Normalizing Datalog program: [0.000s CPU, 0.002s wall-clock]
Preparing model... [0.000s CPU, 0.001s wall-clock]
Generated 46 rules.
Computing model... [0.020s CPU, 0.019s wall-clock]
1624 relevant atoms
1278 auxiliary atoms
2902 final queue length
5212 total queue pushes
Completing instantiation... [0.040s CPU, 0.039s wall-clock]
Instantiating: [0.060s CPU, 0.062s wall-clock]
Computing fact groups...
Finding invariants...
12 initial candidates
Finding invariants: [0.000s CPU, 0.002s wall-clock]
Checking invariant weight... [0.000s CPU, 0.000s wall-clock]
Instantiating groups... [0.000s CPU, 0.001s wall-clock]
Collecting mutex groups... [0.000s CPU, 0.000s wall-clock]
Choosing groups...
0 uncovered facts
Choosing groups: [0.000s CPU, 0.000s wall-clock]
Building translation key... [0.000s CPU, 0.000s wall-clock]
Computing fact groups: [0.000s CPU, 0.005s wall-clock]
Building STRIPS to SAS dictionary... [0.000s CPU, 0.000s wall-clock]
Building dictionary for full mutex groups... [0.000s CPU, 0.000s wall-clock]
Building mutex information...
Building mutex information: [0.000s CPU, 0.000s wall-clock]
Translating task...
Processing axioms...
Simplifying axioms... [0.000s CPU, 0.000s wall-clock]
Processing axioms: [0.010s CPU, 0.002s wall-clock]
Translating task: [0.040s CPU, 0.034s wall-clock]
0 effect conditions simplified
0 implied preconditions added
Detecting unreachable propositions...
0 operators removed
0 axioms removed
20 propositions removed
Detecting unreachable propositions: [0.010s CPU, 0.016s wall-clock]
Translator variables: 20
Translator derived variables: 0
Translator facts: 190
Translator goal facts: 12
Translator mutex groups: 20
Translator total mutex groups size: 190
Translator operators: 1280
Translator axioms: 0
Translator task size: 7852
Translator peak memory: 38372 KB
Writing output... [0.010s CPU, 0.007s wall-clock]
Done! [0.120s CPU, 0.128s wall-clock]
INFO     Running preprocessor (release32).
INFO     preprocessor input: output.sas
INFO     preprocessor arguments: []
INFO     preprocessor time limit: 1799.87s
INFO     preprocessor memory limit: 3906 MB
INFO     callstring: /home/admin-u6487831/honors/fd/builds/release32/bin/preprocess < output.sas
time limit 1799.87 -> (1800, 1800)
Building causal graph...
The causal graph is not acyclic.
20 variables of 20 necessary
0 of 20 mutex groups necessary.
1280 of 1280 operators necessary.
0 of 0 axiom rules necessary.
Building domain transition graphs...
solveable in poly time 0
Building successor generator...
Preprocessor facts: 190
Preprocessor derived variables: 0
Preprocessor task size: 7662
Writing output...
done
INFO     Running search (release32).
INFO     search input: output
INFO     search arguments: ['--heuristic', 'hff=ff(cost_type=NORMAL)', '--heuristic', 'u=uc(x=-1,clauses=statemin,bound=123)', '--search', 'dfs(hff,refiner=ucrn2_1(uc=u),reopen=true,bound=123)']
INFO     search time limit: 1799.82s
INFO     search memory limit: 3906 MB
INFO     search executable: /home/admin-u6487831/honors/fd/builds/release32/bin/downward
INFO     callstring: /home/admin-u6487831/honors/fd/builds/release32/bin/downward --heuristic 'hff=ff(cost_type=NORMAL)' --heuristic 'u=uc(x=-1,clauses=statemin,bound=123)' --search 'dfs(hff,refiner=ucrn2_1(uc=u),reopen=true,bound=123)' --internal-plan-file sas_plan < output
time limit 1799.82 -> (1800, 1800)
reading input... [t=0s]
Simplifying transitions... done!
done reading input! [t=0s]
building causal graph...done! [t=0s]
packing state variables...Variables: 20
Bytes per state: 12
done! [t=0s]
done initalizing global data [t=0s]
... has axioms: 0
... has conditional effects: 0
pruning method: none
Initializing h^max(Pi^C) heuristic ...
Constructing Pi^C for h^max computation ...
Parsed Pi into 190 facts, 1280 actions, and 2481 counters.
Initializing FF heuristic...
Initializing additive heuristic...
Simplifying 2480 unary operators... done! [2480 unary operators]
Completely explored state space!
Actual search time: 0s [t=0.02s]
Pi^C: 190 facts, 0 conjunctions, 2481 (2481) counters, 1 counter ratio
Number of Learned Clauses: 0
Number of uC Evaluations: 2
Number of hC Computations: 2
Number of hC recognized dead ends: 0
Number of clause extractions: 0
Time spent on clause matching: 0.00000s
Time spent on clause extraction: 0.00000s
Time spent on hC computations: 0.00118s
Number of uC Refinements: 0 (0)
Summed up size of RN components: 0 (0)
Total time spent on uC Refinement: 0.000000s (0.000000s)
Open states in open list: 0 state(s).
Initial state h value: 71.
Expanded 0 state(s).
Reopened 0 state(s).
Evaluated 1 state(s).
Evaluations: 1
Generated 0 state(s).
Dead ends: 1 state(s).
u-recognized dead ends: 1 state(s).
Search restarts: 0
States per second: 50
Registered: 1 state(s).
Search time: 0.02s
Total time: 0.02s
Search stopped without finding a solution.
Peak memory: 5588 KB
