INFO     Running translator.
INFO     translator input: ['ipc2008/elevators-strips/p02-domain.pddl', 'ipc2008/elevators-strips/p02.pddl']
INFO     translator arguments: []
INFO     translator time limit: 1799.99s
INFO     translator memory limit: 3906 MB
INFO     callstring: /usr/bin/python /home/admin-u6487831/honors/fd/builds/release32/bin/translate/translate.py ipc2008/elevators-strips/p02-domain.pddl ipc2008/elevators-strips/p02.pddl
time limit 1799.99 -> (1800, 1800)
Parsing...
Parsing: [0.000s CPU, 0.002s wall-clock]
Normalizing task... [0.000s CPU, 0.000s wall-clock]
Instantiating...
Generating Datalog program... [0.000s CPU, 0.000s wall-clock]
Normalizing Datalog program...
Normalizing Datalog program: [0.000s CPU, 0.002s wall-clock]
Preparing model... [0.000s CPU, 0.001s wall-clock]
Generated 46 rules.
Computing model... [0.010s CPU, 0.011s wall-clock]
812 relevant atoms
879 auxiliary atoms
1691 final queue length
2685 total queue pushes
Completing instantiation... [0.020s CPU, 0.018s wall-clock]
Instantiating: [0.030s CPU, 0.032s wall-clock]
Computing fact groups...
Finding invariants...
12 initial candidates
Finding invariants: [0.000s CPU, 0.002s wall-clock]
Checking invariant weight... [0.000s CPU, 0.000s wall-clock]
Instantiating groups... [0.000s CPU, 0.000s wall-clock]
Collecting mutex groups... [0.000s CPU, 0.000s wall-clock]
Choosing groups...
0 uncovered facts
Choosing groups: [0.000s CPU, 0.000s wall-clock]
Building translation key... [0.000s CPU, 0.000s wall-clock]
Computing fact groups: [0.010s CPU, 0.003s wall-clock]
Building STRIPS to SAS dictionary... [0.000s CPU, 0.000s wall-clock]
Building dictionary for full mutex groups... [0.000s CPU, 0.000s wall-clock]
Building mutex information...
Building mutex information: [0.000s CPU, 0.000s wall-clock]
Translating task...
Processing axioms...
Simplifying axioms... [0.000s CPU, 0.000s wall-clock]
Processing axioms: [0.000s CPU, 0.001s wall-clock]
Translating task: [0.010s CPU, 0.015s wall-clock]
0 effect conditions simplified
0 implied preconditions added
Detecting unreachable propositions...
0 operators removed
0 axioms removed
13 propositions removed
Detecting unreachable propositions: [0.010s CPU, 0.007s wall-clock]
Translator variables: 13
Translator derived variables: 0
Translator facts: 99
Translator goal facts: 5
Translator mutex groups: 13
Translator total mutex groups size: 99
Translator operators: 580
Translator axioms: 0
Translator task size: 3456
Translator peak memory: 33360 KB
Writing output... [0.000s CPU, 0.003s wall-clock]
Done! [0.060s CPU, 0.064s wall-clock]
INFO     Running preprocessor (release32).
INFO     preprocessor input: output.sas
INFO     preprocessor arguments: []
INFO     preprocessor time limit: 1799.92s
INFO     preprocessor memory limit: 3906 MB
INFO     callstring: /home/admin-u6487831/honors/fd/builds/release32/bin/preprocess < output.sas
time limit 1799.92 -> (1800, 1800)
Building causal graph...
The causal graph is not acyclic.
13 variables of 13 necessary
0 of 13 mutex groups necessary.
580 of 580 operators necessary.
0 of 0 axiom rules necessary.
Building domain transition graphs...
solveable in poly time 0
Building successor generator...
Preprocessor facts: 99
Preprocessor derived variables: 0
Preprocessor task size: 3357
Writing output...
done
INFO     Running search (release32).
INFO     search input: output
INFO     search arguments: ['--heuristic', 'hff=ff(cost_type=NORMAL)', '--heuristic', 'u=uc(x=-1,clauses=statemin,bound=53)', '--search', 'dfs(hff,refiner=ucrn2_1(uc=u),reopen=true,bound=53)']
INFO     search time limit: 1799.9s
INFO     search memory limit: 3906 MB
INFO     search executable: /home/admin-u6487831/honors/fd/builds/release32/bin/downward
INFO     callstring: /home/admin-u6487831/honors/fd/builds/release32/bin/downward --heuristic 'hff=ff(cost_type=NORMAL)' --heuristic 'u=uc(x=-1,clauses=statemin,bound=53)' --search 'dfs(hff,refiner=ucrn2_1(uc=u),reopen=true,bound=53)' --internal-plan-file sas_plan < output
time limit 1799.90 -> (1800, 1800)
reading input... [t=0s]
Simplifying transitions... done!
done reading input! [t=0s]
building causal graph...done! [t=0s]
packing state variables...Variables: 13
Bytes per state: 8
done! [t=0s]
done initalizing global data [t=0s]
... has axioms: 0
... has conditional effects: 0
pruning method: none
Initializing h^max(Pi^C) heuristic ...
Constructing Pi^C for h^max computation ...
Parsed Pi into 99 facts, 580 actions, and 1081 counters.
Initializing FF heuristic...
Initializing additive heuristic...
Simplifying 1080 unary operators... done! [1080 unary operators]
Completely explored state space!
Actual search time: 0s [t=0s]
Pi^C: 99 facts, 0 conjunctions, 1081 (1081) counters, 1 counter ratio
Number of Learned Clauses: 0
Number of uC Evaluations: 2
Number of hC Computations: 2
Number of hC recognized dead ends: 0
Number of clause extractions: 0
Time spent on clause matching: 0.00000s
Time spent on clause extraction: 0.00000s
Time spent on hC computations: 0.00037s
Number of uC Refinements: 0 (0)
Summed up size of RN components: 0 (0)
Total time spent on uC Refinement: 0.000000s (0.000000s)
Open states in open list: 0 state(s).
Initial state h value: 40.
Expanded 0 state(s).
Reopened 0 state(s).
Evaluated 1 state(s).
Evaluations: 1
Generated 0 state(s).
Dead ends: 1 state(s).
u-recognized dead ends: 1 state(s).
Search restarts: 0
States per second: inf
Registered: 1 state(s).
Search time: 0s
Total time: 0s
Search stopped without finding a solution.
Peak memory: 4408 KB
