INFO     Running translator.
INFO     translator input: ['ipc2008/elevators-strips/p08-domain.pddl', 'ipc2008/elevators-strips/p08.pddl']
INFO     translator arguments: []
INFO     translator time limit: 1800.0s
INFO     translator memory limit: 3906 MB
INFO     callstring: /usr/bin/python /home/admin-u6487831/honors/fd/builds/release32/bin/translate/translate.py ipc2008/elevators-strips/p08-domain.pddl ipc2008/elevators-strips/p08.pddl
time limit 1800.00 -> (1800, 1800)
Parsing...
Parsing: [0.000s CPU, 0.002s wall-clock]
Normalizing task... [0.000s CPU, 0.000s wall-clock]
Instantiating...
Generating Datalog program... [0.000s CPU, 0.000s wall-clock]
Normalizing Datalog program...
Normalizing Datalog program: [0.000s CPU, 0.002s wall-clock]
Preparing model... [0.010s CPU, 0.001s wall-clock]
Generated 46 rules.
Computing model... [0.010s CPU, 0.017s wall-clock]
1508 relevant atoms
1221 auxiliary atoms
2729 final queue length
4851 total queue pushes
Completing instantiation... [0.040s CPU, 0.036s wall-clock]
Instantiating: [0.060s CPU, 0.057s wall-clock]
Computing fact groups...
Finding invariants...
12 initial candidates
Finding invariants: [0.000s CPU, 0.002s wall-clock]
Checking invariant weight... [0.000s CPU, 0.000s wall-clock]
Instantiating groups... [0.000s CPU, 0.001s wall-clock]
Collecting mutex groups... [0.000s CPU, 0.000s wall-clock]
Choosing groups...
0 uncovered facts
Choosing groups: [0.000s CPU, 0.000s wall-clock]
Building translation key... [0.000s CPU, 0.000s wall-clock]
Computing fact groups: [0.000s CPU, 0.004s wall-clock]
Building STRIPS to SAS dictionary... [0.000s CPU, 0.000s wall-clock]
Building dictionary for full mutex groups... [0.000s CPU, 0.000s wall-clock]
Building mutex information...
Building mutex information: [0.000s CPU, 0.000s wall-clock]
Translating task...
Processing axioms...
Simplifying axioms... [0.000s CPU, 0.000s wall-clock]
Processing axioms: [0.010s CPU, 0.002s wall-clock]
Translating task: [0.030s CPU, 0.032s wall-clock]
0 effect conditions simplified
0 implied preconditions added
Detecting unreachable propositions...
0 operators removed
0 axioms removed
19 propositions removed
Detecting unreachable propositions: [0.020s CPU, 0.015s wall-clock]
Translator variables: 19
Translator derived variables: 0
Translator facts: 177
Translator goal facts: 11
Translator mutex groups: 19
Translator total mutex groups size: 177
Translator operators: 1180
Translator axioms: 0
Translator task size: 7224
Translator peak memory: 37592 KB
Writing output... [0.010s CPU, 0.006s wall-clock]
Done! [0.120s CPU, 0.119s wall-clock]
INFO     Running preprocessor (release32).
INFO     preprocessor input: output.sas
INFO     preprocessor arguments: []
INFO     preprocessor time limit: 1799.87s
INFO     preprocessor memory limit: 3906 MB
INFO     callstring: /home/admin-u6487831/honors/fd/builds/release32/bin/preprocess < output.sas
time limit 1799.87 -> (1800, 1800)
Building causal graph...
The causal graph is not acyclic.
19 variables of 19 necessary
0 of 19 mutex groups necessary.
1180 of 1180 operators necessary.
0 of 0 axiom rules necessary.
Building domain transition graphs...
solveable in poly time 0
Building successor generator...
Preprocessor facts: 177
Preprocessor derived variables: 0
Preprocessor task size: 7047
Writing output...
done
INFO     Running search (release32).
INFO     search input: output
INFO     search arguments: ['--heuristic', 'hff=ff(cost_type=NORMAL)', '--heuristic', 'u=uc(x=-1,clauses=statemin,bound=113)', '--search', 'dfs(hff,refiner=uccp(uc=u),reopen=true,bound=113)']
INFO     search time limit: 1799.84s
INFO     search memory limit: 3906 MB
INFO     search executable: /home/admin-u6487831/honors/fd/builds/release32/bin/downward
INFO     callstring: /home/admin-u6487831/honors/fd/builds/release32/bin/downward --heuristic 'hff=ff(cost_type=NORMAL)' --heuristic 'u=uc(x=-1,clauses=statemin,bound=113)' --search 'dfs(hff,refiner=uccp(uc=u),reopen=true,bound=113)' --internal-plan-file sas_plan < output
time limit 1799.84 -> (1800, 1800)
reading input... [t=0s]
Simplifying transitions... done!
done reading input! [t=0s]
building causal graph...done! [t=0s]
packing state variables...Variables: 19
Bytes per state: 8
done! [t=0s]
done initalizing global data [t=0s]
... has axioms: 0
... has conditional effects: 0
pruning method: none
Initializing h^max(Pi^C) heuristic ...
Constructing Pi^C for h^max computation ...
Parsed Pi into 177 facts, 1180 actions, and 2281 counters.
Initializing FF heuristic...
Initializing additive heuristic...
Simplifying 2280 unary operators... done! [2280 unary operators]
[g = 0, h = 66, registered=1, expanded=1, open_states=0, dead_ends=0, t=0.020]
[g = 6, h = 63, registered=22, expanded=2, open_states=20, dead_ends=0, t=0.020]
[g = 8, h = 63, registered=40, expanded=3, open_states=37, dead_ends=0, t=0.020]
[g = 8, h = 63, registered=57, expanded=4, open_states=53, dead_ends=0, t=0.020]
[g = 19, h = 63, registered=78, expanded=5, open_states=73, dead_ends=0, t=0.020]
[g = 19, h = 63, registered=94, expanded=6, open_states=88, dead_ends=0, t=0.020]
[g = 19, h = 63, registered=110, expanded=7, open_states=103, dead_ends=0, t=0.020]
[g = 19, h = 63, registered=143, expanded=9, open_states=134, dead_ends=0, t=0.020]
[g = 38, h = 53, registered=269, expanded=17, open_states=250, dead_ends=2, t=0.040]
[g = 64, h = 43, registered=518, expanded=34, open_states=481, dead_ends=3, t=0.060]
[g = 84, h = 43, registered=1024, expanded=77, open_states=917, dead_ends=58, t=0.160]
[g = 104, h = 43, registered=2050, expanded=194, open_states=2108, dead_ends=208, t=0.360]
[g = 105, h = 43, registered=4097, expanded=368, open_states=3898, dead_ends=513, t=0.600]
[g = 105, h = 36, registered=8197, expanded=726, open_states=6881, dead_ends=1966, t=1.280]
[g = 105, h = 36, registered=16385, expanded=1411, open_states=10559, dead_ends=6928, t=3.380]
[g = 105, h = 36, registered=32771, expanded=2989, open_states=23301, dead_ends=12666, t=6.160]
[g = 106, h = 36, registered=65550, expanded=5951, open_states=10334, dead_ends=27809, t=13.780]
Completely explored state space!
Actual search time: 28.16s [t=28.18s]
Pi^C: 177 facts, 3 conjunctions, 2396 (2281) counters, 1.05042 counter ratio
Number of Learned Clauses: 0
Number of uC Evaluations: 86933
Number of hC Computations: 86933
Number of hC recognized dead ends: 0
Number of clause extractions: 0
Time spent on clause matching: 0.00000s
Time spent on clause extraction: 0.00000s
Time spent on hC computations: 21.56926s
Number of uC Refinements: 2 (2)
Summed up size of RN components: 9 (9)
Total time spent on uC Refinement: 0.001602s (0.001603s)
Open states in open list: 8210 state(s).
Initial state h value: 66.
Expanded 8457 state(s).
Reopened 0 state(s).
Evaluated 105134 state(s).
Evaluations: 105134
Generated 167591 state(s).
Dead ends: 62594 state(s).
u-recognized dead ends: 37951 state(s).
Search restarts: 0
States per second: 3730.8
Registered: 105134 state(s).
Search time: 28.18s
Total time: 28.18s
Search stopped without finding a solution.
Peak memory: 21064 KB
