INFO     Running translator.
INFO     translator input: ['ipc2008/elevators-strips/p16-domain.pddl', 'ipc2008/elevators-strips/p16.pddl']
INFO     translator arguments: []
INFO     translator time limit: 1800.0s
INFO     translator memory limit: 3906 MB
INFO     callstring: /usr/bin/python /home/admin-u6487831/honors/fd/builds/release32/bin/translate/translate.py ipc2008/elevators-strips/p16-domain.pddl ipc2008/elevators-strips/p16.pddl
time limit 1800.00 -> (1800, 1800)
Parsing...
Parsing: [0.010s CPU, 0.004s wall-clock]
Normalizing task... [0.000s CPU, 0.000s wall-clock]
Instantiating...
Generating Datalog program... [0.000s CPU, 0.001s wall-clock]
Normalizing Datalog program...
Normalizing Datalog program: [0.000s CPU, 0.002s wall-clock]
Preparing model... [0.000s CPU, 0.002s wall-clock]
Generated 46 rules.
Computing model... [0.050s CPU, 0.044s wall-clock]
4308 relevant atoms
2876 auxiliary atoms
7184 final queue length
13738 total queue pushes
Completing instantiation... [0.110s CPU, 0.116s wall-clock]
Instantiating: [0.160s CPU, 0.166s wall-clock]
Computing fact groups...
Finding invariants...
12 initial candidates
Finding invariants: [0.010s CPU, 0.003s wall-clock]
Checking invariant weight... [0.000s CPU, 0.000s wall-clock]
Instantiating groups... [0.000s CPU, 0.002s wall-clock]
Collecting mutex groups... [0.000s CPU, 0.000s wall-clock]
Choosing groups...
0 uncovered facts
Choosing groups: [0.000s CPU, 0.001s wall-clock]
Building translation key... [0.000s CPU, 0.000s wall-clock]
Computing fact groups: [0.010s CPU, 0.008s wall-clock]
Building STRIPS to SAS dictionary... [0.000s CPU, 0.000s wall-clock]
Building dictionary for full mutex groups... [0.000s CPU, 0.000s wall-clock]
Building mutex information...
Building mutex information: [0.000s CPU, 0.000s wall-clock]
Translating task...
Processing axioms...
Simplifying axioms... [0.000s CPU, 0.000s wall-clock]
Processing axioms: [0.010s CPU, 0.006s wall-clock]
Translating task: [0.110s CPU, 0.110s wall-clock]
0 effect conditions simplified
0 implied preconditions added
Detecting unreachable propositions...
0 operators removed
0 axioms removed
26 propositions removed
Detecting unreachable propositions: [0.050s CPU, 0.043s wall-clock]
Translator variables: 26
Translator derived variables: 0
Translator facts: 424
Translator goal facts: 18
Translator mutex groups: 26
Translator total mutex groups size: 424
Translator operators: 3568
Translator axioms: 0
Translator task size: 21748
Translator peak memory: 54160 KB
Writing output... [0.020s CPU, 0.019s wall-clock]
Done! [0.360s CPU, 0.356s wall-clock]
INFO     Running preprocessor (release32).
INFO     preprocessor input: output.sas
INFO     preprocessor arguments: []
INFO     preprocessor time limit: 1799.64s
INFO     preprocessor memory limit: 3906 MB
INFO     callstring: /home/admin-u6487831/honors/fd/builds/release32/bin/preprocess < output.sas
time limit 1799.64 -> (1800, 1800)
Building causal graph...
The causal graph is not acyclic.
26 variables of 26 necessary
0 of 26 mutex groups necessary.
3568 of 3568 operators necessary.
0 of 0 axiom rules necessary.
Building domain transition graphs...
solveable in poly time 0
Building successor generator...
Preprocessor facts: 424
Preprocessor derived variables: 0
Preprocessor task size: 21324
Writing output...
done
INFO     Running search (release32).
INFO     search input: output
INFO     search arguments: ['--heuristic', 'hff=ff(cost_type=NORMAL)', '--heuristic', 'u=uc(x=-1,clauses=statemin,bound=341)', '--search', 'dfs(hff,refiner=ucrn2_1(uc=u),reopen=true,bound=341)']
INFO     search time limit: 1799.51s
INFO     search memory limit: 3906 MB
INFO     search executable: /home/admin-u6487831/honors/fd/builds/release32/bin/downward
INFO     callstring: /home/admin-u6487831/honors/fd/builds/release32/bin/downward --heuristic 'hff=ff(cost_type=NORMAL)' --heuristic 'u=uc(x=-1,clauses=statemin,bound=341)' --search 'dfs(hff,refiner=ucrn2_1(uc=u),reopen=true,bound=341)' --internal-plan-file sas_plan < output
time limit 1799.51 -> (1800, 1800)
reading input... [t=0s]
Simplifying transitions... done!
done reading input! [t=0.02s]
building causal graph...done! [t=0.02s]
packing state variables...Variables: 26
Bytes per state: 16
done! [t=0.02s]
done initalizing global data [t=0.02s]
... has axioms: 0
... has conditional effects: 0
pruning method: none
Initializing h^max(Pi^C) heuristic ...
Constructing Pi^C for h^max computation ...
Parsed Pi into 424 facts, 3568 actions, and 6953 counters.
Initializing FF heuristic...
Initializing additive heuristic...
Simplifying 6952 unary operators... done! [6952 unary operators]
Completely explored state space!
Actual search time: 0s [t=0.08s]
Pi^C: 424 facts, 0 conjunctions, 6953 (6953) counters, 1 counter ratio
Number of Learned Clauses: 0
Number of uC Evaluations: 2
Number of hC Computations: 2
Number of hC recognized dead ends: 0
Number of clause extractions: 0
Time spent on clause matching: 0.00000s
Time spent on clause extraction: 0.00000s
Time spent on hC computations: 0.00300s
Number of uC Refinements: 0 (0)
Summed up size of RN components: 0 (0)
Total time spent on uC Refinement: 0.000000s (0.000000s)
Open states in open list: 0 state(s).
Initial state h value: 100.
Expanded 0 state(s).
Reopened 0 state(s).
Evaluated 1 state(s).
Evaluations: 1
Generated 0 state(s).
Dead ends: 1 state(s).
u-recognized dead ends: 1 state(s).
Search restarts: 0
States per second: 12.5
Registered: 1 state(s).
Search time: 0.06s
Total time: 0.08s
Search stopped without finding a solution.
Peak memory: 9548 KB
