INFO     Running translator.
INFO     translator input: ['ipc2008/openstacks-strips/p04-domain.pddl', 'ipc2008/openstacks-strips/p04.pddl']
INFO     translator arguments: []
INFO     translator time limit: 1800.0s
INFO     translator memory limit: 3906 MB
INFO     callstring: /usr/bin/python /home/admin-u6487831/honors/fd/builds/release32/bin/translate/translate.py ipc2008/openstacks-strips/p04-domain.pddl ipc2008/openstacks-strips/p04.pddl
time limit 1800.00 -> (1800, 1800)
Parsing...
Parsing: [0.010s CPU, 0.004s wall-clock]
Normalizing task... [0.000s CPU, 0.000s wall-clock]
Instantiating...
Generating Datalog program... [0.000s CPU, 0.001s wall-clock]
Normalizing Datalog program...
Normalizing Datalog program: [0.000s CPU, 0.002s wall-clock]
Preparing model... [0.000s CPU, 0.002s wall-clock]
Generated 92 rules.
Computing model... [0.010s CPU, 0.007s wall-clock]
400 relevant atoms
372 auxiliary atoms
772 final queue length
1152 total queue pushes
Completing instantiation... [0.000s CPU, 0.006s wall-clock]
Instantiating: [0.010s CPU, 0.018s wall-clock]
Computing fact groups...
Finding invariants...
12 initial candidates
Finding invariants: [0.010s CPU, 0.006s wall-clock]
Checking invariant weight... [0.000s CPU, 0.000s wall-clock]
Instantiating groups... [0.000s CPU, 0.000s wall-clock]
Collecting mutex groups... [0.000s CPU, 0.000s wall-clock]
Choosing groups...
0 uncovered facts
Choosing groups: [0.000s CPU, 0.000s wall-clock]
Building translation key... [0.000s CPU, 0.000s wall-clock]
Computing fact groups: [0.010s CPU, 0.007s wall-clock]
Building STRIPS to SAS dictionary... [0.000s CPU, 0.000s wall-clock]
Building dictionary for full mutex groups... [0.000s CPU, 0.000s wall-clock]
Building mutex information...
Building mutex information: [0.000s CPU, 0.000s wall-clock]
Translating task...
Processing axioms...
Simplifying axioms... [0.000s CPU, 0.000s wall-clock]
Processing axioms: [0.000s CPU, 0.000s wall-clock]
Translating task: [0.010s CPU, 0.006s wall-clock]
0 effect conditions simplified
0 implied preconditions added
Detecting unreachable propositions...
0 operators removed
0 axioms removed
21 propositions removed
Detecting unreachable propositions: [0.000s CPU, 0.003s wall-clock]
Translator variables: 21
Translator derived variables: 0
Translator facts: 61
Translator goal facts: 10
Translator mutex groups: 31
Translator total mutex groups size: 81
Translator operators: 220
Translator axioms: 0
Translator task size: 1398
Translator peak memory: 30736 KB
Writing output... [0.000s CPU, 0.002s wall-clock]
Done! [0.040s CPU, 0.040s wall-clock]
INFO     Running preprocessor (release32).
INFO     preprocessor input: output.sas
INFO     preprocessor arguments: []
INFO     preprocessor time limit: 1799.96s
INFO     preprocessor memory limit: 3906 MB
INFO     callstring: /home/admin-u6487831/honors/fd/builds/release32/bin/preprocess < output.sas
time limit 1799.96 -> (1800, 1800)
Building causal graph...
The causal graph is not acyclic.
21 variables of 21 necessary
0 of 31 mutex groups necessary.
220 of 220 operators necessary.
0 of 0 axiom rules necessary.
Building domain transition graphs...
solveable in poly time 0
Building successor generator...
Preprocessor facts: 61
Preprocessor derived variables: 0
Preprocessor task size: 1317
Writing output...
done
INFO     Running search (release32).
INFO     search input: output
INFO     search arguments: ['--heuristic', 'hff=ff(cost_type=NORMAL)', '--heuristic', 'u=uc(x=-1,clauses=statemin,bound=2)', '--search', 'dfs(hff,refiner=uccp(uc=u),reopen=true,bound=2)']
INFO     search time limit: 1799.95s
INFO     search memory limit: 3906 MB
INFO     search executable: /home/admin-u6487831/honors/fd/builds/release32/bin/downward
INFO     callstring: /home/admin-u6487831/honors/fd/builds/release32/bin/downward --heuristic 'hff=ff(cost_type=NORMAL)' --heuristic 'u=uc(x=-1,clauses=statemin,bound=2)' --search 'dfs(hff,refiner=uccp(uc=u),reopen=true,bound=2)' --internal-plan-file sas_plan < output
time limit 1799.95 -> (1800, 1800)
reading input... [t=0s]
Simplifying transitions... done!
done reading input! [t=0s]
building causal graph...done! [t=0s]
packing state variables...Variables: 21
Bytes per state: 8
done! [t=0s]
done initalizing global data [t=0s]
... has axioms: 0
... has conditional effects: 0
pruning method: none
Initializing h^max(Pi^C) heuristic ...
Constructing Pi^C for h^max computation ...
Parsed Pi into 61 facts, 220 actions, and 421 counters.
Initializing FF heuristic...
Initializing additive heuristic...
Simplifying 420 unary operators... done! [420 unary operators]
[g = 0, h = 1, registered=1, expanded=1, open_states=0, dead_ends=0, t=0.000]
[g = 1, h = 0, registered=2, expanded=2, open_states=0, dead_ends=0, t=0.000]
[g = 1, h = 0, registered=13, expanded=3, open_states=10, dead_ends=0, t=0.000]
[g = 1, h = 0, registered=15, expanded=4, open_states=11, dead_ends=0, t=0.000]
[g = 2, h = 0, registered=16, expanded=5, open_states=11, dead_ends=0, t=0.000]
[g = 2, h = 0, registered=36, expanded=7, open_states=27, dead_ends=2, t=0.000]
[g = 2, h = 0, registered=68, expanded=16, open_states=40, dead_ends=12, t=0.000]
[g = 2, h = 0, registered=130, expanded=29, open_states=68, dead_ends=33, t=0.000]
[g = 2, h = 0, registered=256, expanded=66, open_states=113, dead_ends=77, t=0.000]
[g = 2, h = 0, registered=512, expanded=150, open_states=198, dead_ends=164, t=0.020]
Solution found!
Actual search time: 0.02s [t=0.02s]
open-new-stack n0 n1 (1)
start-order o5 n1 n0 (0)
open-new-stack n0 n1 (1)
start-order o8 n1 n0 (0)
make-product-p3  (0)
ship-order-o8 n0 n1 (0)
start-order o9 n1 n0 (0)
ship-order-o5 n0 n1 (0)
start-order o3 n1 n0 (0)
make-product-p7  (0)
make-product-p8  (0)
make-product-p1  (0)
ship-order-o9 n0 n1 (0)
start-order o4 n1 n0 (0)
make-product-p4  (0)
ship-order-o4 n0 n1 (0)
start-order o7 n1 n0 (0)
ship-order-o3 n0 n1 (0)
start-order o6 n1 n0 (0)
make-product-p5  (0)
ship-order-o6 n0 n1 (0)
start-order o10 n1 n0 (0)
ship-order-o7 n0 n1 (0)
start-order o1 n1 n0 (0)
make-product-p9  (0)
ship-order-o10 n0 n1 (0)
start-order o2 n1 n0 (0)
make-product-p2  (0)
make-product-p6  (0)
make-product-p10  (0)
ship-order-o1 n0 n1 (0)
ship-order-o2 n1 n2 (0)
Plan length: 32 step(s).
Plan cost: 2
Pi^C: 61 facts, 0 conjunctions, 421 (421) counters, 1 counter ratio
Number of Learned Clauses: 0
Number of uC Evaluations: 211
Number of hC Computations: 211
Number of hC recognized dead ends: 0
Number of clause extractions: 0
Time spent on clause matching: 0.00000s
Time spent on clause extraction: 0.00000s
Time spent on hC computations: 0.00909s
Number of uC Refinements: 0 (0)
Summed up size of RN components: 0 (0)
Total time spent on uC Refinement: 0.000000s (0.000000s)
Open states in open list: 198 state(s).
Initial state h value: 1.
Expanded 166 state(s).
Reopened 0 state(s).
Evaluated 545 state(s).
Evaluations: 545
Generated 666 state(s).
Dead ends: 181 state(s).
u-recognized dead ends: 19 state(s).
Search restarts: 0
States per second: 27250
Registered: 545 state(s).
Search time: 0.02s
Total time: 0.02s
Solution found.
Peak memory: 3796 KB
