INFO     Running translator.
INFO     translator input: ['ipc2008/openstacks-strips/p02-domain.pddl', 'ipc2008/openstacks-strips/p02.pddl']
INFO     translator arguments: []
INFO     translator time limit: 1800.0s
INFO     translator memory limit: 3906 MB
INFO     callstring: /usr/bin/python /home/admin-u6487831/honors/fd/builds/release32/bin/translate/translate.py ipc2008/openstacks-strips/p02-domain.pddl ipc2008/openstacks-strips/p02.pddl
time limit 1800.00 -> (1800, 1800)
Parsing...
Parsing: [0.000s CPU, 0.002s wall-clock]
Normalizing task... [0.000s CPU, 0.000s wall-clock]
Instantiating...
Generating Datalog program... [0.000s CPU, 0.000s wall-clock]
Normalizing Datalog program...
Normalizing Datalog program: [0.000s CPU, 0.001s wall-clock]
Preparing model... [0.000s CPU, 0.001s wall-clock]
Generated 52 rules.
Computing model... [0.010s CPU, 0.002s wall-clock]
152 relevant atoms
112 auxiliary atoms
264 final queue length
354 total queue pushes
Completing instantiation... [0.000s CPU, 0.002s wall-clock]
Instantiating: [0.010s CPU, 0.006s wall-clock]
Computing fact groups...
Finding invariants...
12 initial candidates
Finding invariants: [0.000s CPU, 0.003s wall-clock]
Checking invariant weight... [0.000s CPU, 0.000s wall-clock]
Instantiating groups... [0.000s CPU, 0.000s wall-clock]
Collecting mutex groups... [0.000s CPU, 0.000s wall-clock]
Choosing groups...
0 uncovered facts
Choosing groups: [0.000s CPU, 0.000s wall-clock]
Building translation key... [0.000s CPU, 0.000s wall-clock]
Computing fact groups: [0.000s CPU, 0.004s wall-clock]
Building STRIPS to SAS dictionary... [0.000s CPU, 0.000s wall-clock]
Building dictionary for full mutex groups... [0.000s CPU, 0.000s wall-clock]
Building mutex information...
Building mutex information: [0.000s CPU, 0.000s wall-clock]
Translating task...
Processing axioms...
Simplifying axioms... [0.000s CPU, 0.000s wall-clock]
Processing axioms: [0.000s CPU, 0.000s wall-clock]
Translating task: [0.000s CPU, 0.002s wall-clock]
0 effect conditions simplified
0 implied preconditions added
Detecting unreachable propositions...
0 operators removed
0 axioms removed
11 propositions removed
Detecting unreachable propositions: [0.000s CPU, 0.001s wall-clock]
Translator variables: 11
Translator derived variables: 0
Translator facts: 31
Translator goal facts: 5
Translator mutex groups: 16
Translator total mutex groups size: 41
Translator operators: 60
Translator axioms: 0
Translator task size: 410
Translator peak memory: 29580 KB
Writing output... [0.000s CPU, 0.000s wall-clock]
Done! [0.010s CPU, 0.016s wall-clock]
INFO     Running preprocessor (release32).
INFO     preprocessor input: output.sas
INFO     preprocessor arguments: []
INFO     preprocessor time limit: 1799.98s
INFO     preprocessor memory limit: 3906 MB
INFO     callstring: /home/admin-u6487831/honors/fd/builds/release32/bin/preprocess < output.sas
time limit 1799.98 -> (1800, 1800)
Building causal graph...
The causal graph is not acyclic.
11 variables of 11 necessary
0 of 16 mutex groups necessary.
60 of 60 operators necessary.
0 of 0 axiom rules necessary.
Building domain transition graphs...
solveable in poly time 0
Building successor generator...
Preprocessor facts: 31
Preprocessor derived variables: 0
Preprocessor task size: 369
Writing output...
done
INFO     Running search (release32).
INFO     search input: output
INFO     search arguments: ['--heuristic', 'hff=ff(cost_type=NORMAL)', '--heuristic', 'u=uc(x=-1,clauses=statemin,bound=3)', '--search', 'dfs(hff,refiner=uccp(uc=u),reopen=true,bound=3)']
INFO     search time limit: 1799.98s
INFO     search memory limit: 3906 MB
INFO     search executable: /home/admin-u6487831/honors/fd/builds/release32/bin/downward
INFO     callstring: /home/admin-u6487831/honors/fd/builds/release32/bin/downward --heuristic 'hff=ff(cost_type=NORMAL)' --heuristic 'u=uc(x=-1,clauses=statemin,bound=3)' --search 'dfs(hff,refiner=uccp(uc=u),reopen=true,bound=3)' --internal-plan-file sas_plan < output
time limit 1799.98 -> (1800, 1800)
reading input... [t=0s]
Simplifying transitions... done!
done reading input! [t=0s]
building causal graph...done! [t=0s]
packing state variables...Variables: 11
Bytes per state: 4
done! [t=0s]
done initalizing global data [t=0s]
... has axioms: 0
... has conditional effects: 0
pruning method: none
Initializing h^max(Pi^C) heuristic ...
Constructing Pi^C for h^max computation ...
Parsed Pi into 31 facts, 60 actions, and 111 counters.
Initializing FF heuristic...
Initializing additive heuristic...
Simplifying 110 unary operators... done! [110 unary operators]
[g = 0, h = 1, registered=1, expanded=1, open_states=0, dead_ends=0, t=0.000]
[g = 1, h = 0, registered=2, expanded=2, open_states=0, dead_ends=0, t=0.000]
[g = 1, h = 0, registered=8, expanded=3, open_states=5, dead_ends=0, t=0.000]
[g = 2, h = 0, registered=11, expanded=4, open_states=7, dead_ends=0, t=0.000]
[g = 2, h = 0, registered=16, expanded=5, open_states=11, dead_ends=0, t=0.000]
[g = 2, h = 0, registered=35, expanded=10, open_states=24, dead_ends=1, t=0.000]
[g = 3, h = 0, registered=65, expanded=19, open_states=39, dead_ends=7, t=0.000]
[g = 3, h = 0, registered=128, expanded=46, open_states=48, dead_ends=34, t=0.000]
Solution found!
Actual search time: 0s [t=0s]
open-new-stack n0 n1 (1)
start-order o3 n1 n0 (0)
make-product-p2  (0)
open-new-stack n0 n1 (1)
start-order o5 n1 n0 (0)
open-new-stack n0 n1 (1)
start-order o4 n1 n0 (0)
make-product-p5  (0)
ship-order-o4 n0 n1 (0)
start-order o2 n1 n0 (0)
make-product-p4  (0)
ship-order-o3 n0 n1 (0)
start-order o1 n1 n0 (0)
make-product-p3  (0)
make-product-p1  (0)
ship-order-o1 n0 n1 (0)
ship-order-o5 n1 n2 (0)
ship-order-o2 n2 n3 (0)
Plan length: 18 step(s).
Plan cost: 3
Pi^C: 31 facts, 0 conjunctions, 111 (111) counters, 1 counter ratio
Number of Learned Clauses: 0
Number of uC Evaluations: 75
Number of hC Computations: 75
Number of hC recognized dead ends: 0
Number of clause extractions: 0
Time spent on clause matching: 0.00000s
Time spent on clause extraction: 0.00000s
Time spent on hC computations: 0.00100s
Number of uC Refinements: 0 (0)
Summed up size of RN components: 0 (0)
Total time spent on uC Refinement: 0.000000s (0.000000s)
Open states in open list: 57 state(s).
Initial state h value: 1.
Expanded 71 state(s).
Reopened 0 state(s).
Evaluated 188 state(s).
Evaluations: 188
Generated 230 state(s).
Dead ends: 60 state(s).
u-recognized dead ends: 1 state(s).
Search restarts: 0
States per second: inf
Registered: 188 state(s).
Search time: 0s
Total time: 0s
Solution found.
Peak memory: 3528 KB
