INFO     Running translator.
INFO     translator input: ['ipc2008/openstacks-strips/p09-domain.pddl', 'ipc2008/openstacks-strips/p09.pddl']
INFO     translator arguments: []
INFO     translator time limit: 1799.99s
INFO     translator memory limit: 3906 MB
INFO     callstring: /usr/bin/python /home/admin-u6487831/honors/fd/builds/release32/bin/translate/translate.py ipc2008/openstacks-strips/p09-domain.pddl ipc2008/openstacks-strips/p09.pddl
time limit 1799.99 -> (1800, 1800)
Parsing...
Parsing: [0.000s CPU, 0.005s wall-clock]
Normalizing task... [0.000s CPU, 0.000s wall-clock]
Instantiating...
Generating Datalog program... [0.010s CPU, 0.001s wall-clock]
Normalizing Datalog program...
Normalizing Datalog program: [0.000s CPU, 0.003s wall-clock]
Preparing model... [0.000s CPU, 0.002s wall-clock]
Generated 132 rules.
Computing model... [0.010s CPU, 0.010s wall-clock]
747 relevant atoms
782 auxiliary atoms
1529 final queue length
2399 total queue pushes
Completing instantiation... [0.010s CPU, 0.013s wall-clock]
Instantiating: [0.030s CPU, 0.029s wall-clock]
Computing fact groups...
Finding invariants...
12 initial candidates
Finding invariants: [0.010s CPU, 0.008s wall-clock]
Checking invariant weight... [0.000s CPU, 0.000s wall-clock]
Instantiating groups... [0.000s CPU, 0.000s wall-clock]
Collecting mutex groups... [0.000s CPU, 0.000s wall-clock]
Choosing groups...
0 uncovered facts
Choosing groups: [0.000s CPU, 0.000s wall-clock]
Building translation key... [0.000s CPU, 0.000s wall-clock]
Computing fact groups: [0.010s CPU, 0.010s wall-clock]
Building STRIPS to SAS dictionary... [0.000s CPU, 0.000s wall-clock]
Building dictionary for full mutex groups... [0.000s CPU, 0.000s wall-clock]
Building mutex information...
Building mutex information: [0.000s CPU, 0.000s wall-clock]
Translating task...
Processing axioms...
Simplifying axioms... [0.000s CPU, 0.000s wall-clock]
Processing axioms: [0.000s CPU, 0.001s wall-clock]
Translating task: [0.020s CPU, 0.013s wall-clock]
0 effect conditions simplified
0 implied preconditions added
Detecting unreachable propositions...
0 operators removed
0 axioms removed
31 propositions removed
Detecting unreachable propositions: [0.000s CPU, 0.006s wall-clock]
Translator variables: 31
Translator derived variables: 0
Translator facts: 91
Translator goal facts: 15
Translator mutex groups: 46
Translator total mutex groups size: 121
Translator operators: 480
Translator axioms: 0
Translator task size: 2950
Translator peak memory: 32868 KB
Writing output... [0.010s CPU, 0.003s wall-clock]
Done! [0.070s CPU, 0.068s wall-clock]
INFO     Running preprocessor (release32).
INFO     preprocessor input: output.sas
INFO     preprocessor arguments: []
INFO     preprocessor time limit: 1799.91s
INFO     preprocessor memory limit: 3906 MB
INFO     callstring: /home/admin-u6487831/honors/fd/builds/release32/bin/preprocess < output.sas
time limit 1799.91 -> (1800, 1800)
Building causal graph...
The causal graph is not acyclic.
31 variables of 31 necessary
0 of 46 mutex groups necessary.
480 of 480 operators necessary.
0 of 0 axiom rules necessary.
Building domain transition graphs...
solveable in poly time 0
Building successor generator...
Preprocessor facts: 91
Preprocessor derived variables: 0
Preprocessor task size: 2829
Writing output...
done
INFO     Running search (release32).
INFO     search input: output
INFO     search arguments: ['--heuristic', 'hff=ff(cost_type=NORMAL)', '--heuristic', 'u=uc(x=-1,clauses=statemin,bound=4)', '--search', 'dfs(hff,refiner=uccp(uc=u),reopen=true,bound=4)']
INFO     search time limit: 1799.9s
INFO     search memory limit: 3906 MB
INFO     search executable: /home/admin-u6487831/honors/fd/builds/release32/bin/downward
INFO     callstring: /home/admin-u6487831/honors/fd/builds/release32/bin/downward --heuristic 'hff=ff(cost_type=NORMAL)' --heuristic 'u=uc(x=-1,clauses=statemin,bound=4)' --search 'dfs(hff,refiner=uccp(uc=u),reopen=true,bound=4)' --internal-plan-file sas_plan < output
time limit 1799.90 -> (1800, 1800)
reading input... [t=0s]
Simplifying transitions... done!
done reading input! [t=0s]
building causal graph...done! [t=0s]
packing state variables...Variables: 31
Bytes per state: 8
done! [t=0s]
done initalizing global data [t=0s]
... has axioms: 0
... has conditional effects: 0
pruning method: none
Initializing h^max(Pi^C) heuristic ...
Constructing Pi^C for h^max computation ...
Parsed Pi into 91 facts, 480 actions, and 931 counters.
Initializing FF heuristic...
Initializing additive heuristic...
Simplifying 930 unary operators... done! [930 unary operators]
[g = 0, h = 1, registered=1, expanded=1, open_states=0, dead_ends=0, t=0.000]
[g = 1, h = 0, registered=2, expanded=2, open_states=0, dead_ends=0, t=0.000]
[g = 1, h = 0, registered=18, expanded=3, open_states=15, dead_ends=0, t=0.000]
[g = 1, h = 0, registered=20, expanded=4, open_states=16, dead_ends=0, t=0.000]
[g = 1, h = 0, registered=22, expanded=5, open_states=17, dead_ends=0, t=0.000]
[g = 2, h = 0, registered=40, expanded=7, open_states=33, dead_ends=0, t=0.000]
[g = 3, h = 0, registered=68, expanded=13, open_states=55, dead_ends=0, t=0.000]
[g = 3, h = 0, registered=130, expanded=17, open_states=113, dead_ends=0, t=0.000]
[g = 4, h = 0, registered=269, expanded=29, open_states=235, dead_ends=5, t=0.020]
[g = 4, h = 0, registered=519, expanded=57, open_states=430, dead_ends=32, t=0.020]
[g = 4, h = 0, registered=1024, expanded=168, open_states=685, dead_ends=171, t=0.060]
[g = 4, h = 0, registered=2053, expanded=388, open_states=1257, dead_ends=408, t=0.100]
Solution found!
Actual search time: 0.14s [t=0.14s]
open-new-stack n0 n1 (1)
start-order o12 n1 n0 (0)
open-new-stack n0 n1 (1)
start-order o7 n1 n0 (0)
open-new-stack n0 n1 (1)
open-new-stack n1 n2 (1)
start-order o9 n2 n1 (0)
start-order o8 n1 n0 (0)
make-product-p6  (0)
ship-order-o12 n0 n1 (0)
start-order o3 n1 n0 (0)
make-product-p5  (0)
ship-order-o7 n0 n1 (0)
start-order o6 n1 n0 (0)
make-product-p13  (0)
ship-order-o3 n0 n1 (0)
start-order o10 n1 n0 (0)
make-product-p12  (0)
make-product-p10  (0)
ship-order-o9 n0 n1 (0)
start-order o5 n1 n0 (0)
ship-order-o10 n0 n1 (0)
start-order o4 n1 n0 (0)
make-product-p4  (0)
make-product-p3  (0)
make-product-p14  (0)
make-product-p11  (0)
ship-order-o4 n0 n1 (0)
start-order o14 n1 n0 (0)
make-product-p9  (0)
ship-order-o6 n0 n1 (0)
start-order o2 n1 n0 (0)
make-product-p15  (0)
ship-order-o14 n0 n1 (0)
start-order o15 n1 n0 (0)
make-product-p8  (0)
ship-order-o15 n0 n1 (0)
start-order o13 n1 n0 (0)
make-product-p7  (0)
ship-order-o2 n0 n1 (0)
start-order o11 n1 n0 (0)
ship-order-o13 n0 n1 (0)
start-order o1 n1 n0 (0)
make-product-p2  (0)
ship-order-o5 n0 n1 (0)
ship-order-o1 n1 n2 (0)
ship-order-o8 n2 n3 (0)
make-product-p1  (0)
ship-order-o11 n3 n4 (0)
Plan length: 49 step(s).
Plan cost: 4
Pi^C: 91 facts, 0 conjunctions, 931 (931) counters, 1 counter ratio
Number of Learned Clauses: 0
Number of uC Evaluations: 654
Number of hC Computations: 654
Number of hC recognized dead ends: 0
Number of clause extractions: 0
Time spent on clause matching: 0.00000s
Time spent on clause extraction: 0.00000s
Time spent on hC computations: 0.06407s
Number of uC Refinements: 0 (0)
Summed up size of RN components: 0 (0)
Total time spent on uC Refinement: 0.000000s (0.000000s)
Open states in open list: 1617 state(s).
Initial state h value: 1.
Expanded 547 state(s).
Reopened 0 state(s).
Evaluated 2731 state(s).
Evaluations: 2731
Generated 3126 state(s).
Dead ends: 567 state(s).
u-recognized dead ends: 46 state(s).
Search restarts: 0
States per second: 19507.1
Registered: 2731 state(s).
Search time: 0.14s
Total time: 0.14s
Solution found.
Peak memory: 4468 KB
